public/cache/7d483beb4604_m3u.best-smarter.me.m3u:artworks.thetvdb.com
public/cache/7d483beb4604_m3u.best-smarter.me.m3u:b1g.fun
public/cache/7d483beb4604_m3u.best-smarter.me.m3u:cmc.best-ott.me
public/cache/7d483beb4604_m3u.best-smarter.me.m3u:elcomercio.pe
public/cache/7d483beb4604_m3u.best-smarter.me.m3u:i.imgur.com
public/cache/7d483beb4604_m3u.best-smarter.me.m3u:icon-tmdb.me
public/cache/7d483beb4604_m3u.best-smarter.me.m3u:image.mypanel.cc
public/cache/7d483beb4604_m3u.best-smarter.me.m3u:image.tmdb.org
public/cache/7d483beb4604_m3u.best-smarter.me.m3u:images.ctfassets.net
public/cache/7d483beb4604_m3u.best-smarter.me.m3u:imageserver.one
public/cache/7d483beb4604_m3u.best-smarter.me.m3u:img1.freepng.fr
public/cache/7d483beb4604_m3u.best-smarter.me.m3u:is1-ssl.mzstatic.com
public/cache/7d483beb4604_m3u.best-smarter.me.m3u:is2-ssl.mzstatic.com
public/cache/7d483beb4604_m3u.best-smarter.me.m3u:logo.protv.cc
public/cache/7d483beb4604_m3u.best-smarter.me.m3u:m.media-amazon.com
public/cache/7d483beb4604_m3u.best-smarter.me.m3u:main.go4k.me:80
public/cache/7d483beb4604_m3u.best-smarter.me.m3u:new.static.tv.nu
public/cache/7d483beb4604_m3u.best-smarter.me.m3u:occ-0-990-987.1.nflxso.net
public/cache/7d483beb4604_m3u.best-smarter.me.m3u:pm1.narvii.com
public/cache/7d483beb4604_m3u.best-smarter.me.m3u:tse2.mm.bing.net
public/cache/7d483beb4604_m3u.best-smarter.me.m3u:upload.wikimedia.org
public/cache/7d483beb4604_m3u.best-smarter.me.m3u:www.alphatvsat.com
public/cache/7d483beb4604_m3u.best-smarter.me.m3u:www.themoviedb.org
public/cache/k5W1gNfZWQ0C_bigotvpro.m3u:3.bp.blogspot.com
public/cache/k5W1gNfZWQ0C_bigotvpro.m3u:aflamstream.com
public/cache/k5W1gNfZWQ0C_bigotvpro.m3u:akns-images.eonline.com
public/cache/k5W1gNfZWQ0C_bigotvpro.m3u:alarabclub.live
public/cache/k5W1gNfZWQ0C_bigotvpro.m3u:arab-torrents.net
public/cache/k5W1gNfZWQ0C_bigotvpro.m3u:archive.org
public/cache/k5W1gNfZWQ0C_bigotvpro.m3u:assets.moomin.com
public/cache/k5W1gNfZWQ0C_bigotvpro.m3u:assets.ur.se
public/cache/k5W1gNfZWQ0C_bigotvpro.m3u:barinfo.me
public/cache/k5W1gNfZWQ0C_bigotvpro.m3u:bloggar.expressen.se
public/cache/k5W1gNfZWQ0C_bigotvpro.m3u:cdn.myseries.tv
public/cache/k5W1gNfZWQ0C_bigotvpro.m3u:cdn-fastly.parrotanalytics.com
public/cache/k5W1gNfZWQ0C_bigotvpro.m3u:client-iptvmag.club:8080
public/cache/k5W1gNfZWQ0C_bigotvpro.m3u:clientportal-proiptv.club:8080
public/cache/k5W1gNfZWQ0C_bigotvpro.m3u:client-proiptv.com:8080
public/cache/k5W1gNfZWQ0C_bigotvpro.m3u:content.gucca.dk
public/cache/k5W1gNfZWQ0C_bigotvpro.m3u:content.weyyak.com
public/cache/k5W1gNfZWQ0C_bigotvpro.m3u:d2iltjk184xms5.cloudfront.net
public/cache/k5W1gNfZWQ0C_bigotvpro.m3u:danishbits.org
public/cache/k5W1gNfZWQ0C_bigotvpro.m3u:delagarde.nl
public/cache/k5W1gNfZWQ0C_bigotvpro.m3u:dg31sz3gwrwan.cloudfront.net
public/cache/k5W1gNfZWQ0C_bigotvpro.m3u:ekstrabladet.dk
public/cache/k5W1gNfZWQ0C_bigotvpro.m3u:emmasjulblogg.se
public/cache/k5W1gNfZWQ0C_bigotvpro.m3u:encrypted-tbn3.gstatic.com
public/cache/k5W1gNfZWQ0C_bigotvpro.m3u:eu1-prod-images.disco-api.com
public/cache/k5W1gNfZWQ0C_bigotvpro.m3u:filmitv.rs
public/cache/k5W1gNfZWQ0C_bigotvpro.m3u:filmtopp.imgix.net
public/cache/k5W1gNfZWQ0C_bigotvpro.m3u:flxt.tmsimg.com
public/cache/k5W1gNfZWQ0C_bigotvpro.m3u:funkyimg.com
public/cache/k5W1gNfZWQ0C_bigotvpro.m3u:glinder.se
public/cache/k5W1gNfZWQ0C_bigotvpro.m3u:haber.sol.org.tr
public/cache/k5W1gNfZWQ0C_bigotvpro.m3u:i.hurimg.com
public/cache/k5W1gNfZWQ0C_bigotvpro.m3u:i.pinimg.com
public/cache/k5W1gNfZWQ0C_bigotvpro.m3u:i.sozcu.com.tr
public/cache/k5W1gNfZWQ0C_bigotvpro.m3u:i.ytimg.com
public/cache/k5W1gNfZWQ0C_bigotvpro.m3u:i0.wp.com
public/cache/k5W1gNfZWQ0C_bigotvpro.m3u:i1.sndcdn.com
public/cache/k5W1gNfZWQ0C_bigotvpro.m3u:i1.wp.com
public/cache/k5W1gNfZWQ0C_bigotvpro.m3u:i4.hurimg.com
public/cache/k5W1gNfZWQ0C_bigotvpro.m3u:ia.media-imdb.com
public/cache/k5W1gNfZWQ0C_bigotvpro.m3u:iaahbr.tmgrup.com.tr
public/cache/k5W1gNfZWQ0C_bigotvpro.m3u:iasbh.tmgrup.com.tr
public/cache/k5W1gNfZWQ0C_bigotvpro.m3u:identity-mag.com
public/cache/k5W1gNfZWQ0C_bigotvpro.m3u:idora.milliyet.com.tr
public/cache/k5W1gNfZWQ0C_bigotvpro.m3u:image.jimcdn.com
public/cache/k5W1gNfZWQ0C_bigotvpro.m3u:image.mysatgo.com
public/cache/k5W1gNfZWQ0C_bigotvpro.m3u:image.tmdb.org
public/cache/k5W1gNfZWQ0C_bigotvpro.m3u:imageproxy.a2d.tv
public/cache/k5W1gNfZWQ0C_bigotvpro.m3u:imageproxy.b17g.services
public/cache/k5W1gNfZWQ0C_bigotvpro.m3u:images.aftonbladet-cdn.se
public/cache/k5W1gNfZWQ0C_bigotvpro.m3u:images.ctfassets.net
public/cache/k5W1gNfZWQ0C_bigotvpro.m3u:images.nrc.nl
public/cache/k5W1gNfZWQ0C_bigotvpro.m3u:images.squarespace-cdn.com
public/cache/k5W1gNfZWQ0C_bigotvpro.m3u:images.static-bluray.com
public/cache/k5W1gNfZWQ0C_bigotvpro.m3u:images.streamly.com
public/cache/k5W1gNfZWQ0C_bigotvpro.m3u:images-na.ssl-images-amazon.com
public/cache/k5W1gNfZWQ0C_bigotvpro.m3u:img.cmore.incomet.io
public/cache/k5W1gNfZWQ0C_bigotvpro.m3u:img.gecce.com.tr
public/cache/k5W1gNfZWQ0C_bigotvpro.m3u:img.haarets.co.il
public/cache/k5W1gNfZWQ0C_bigotvpro.m3u:img.huffingtonpost.com
public/cache/k5W1gNfZWQ0C_bigotvpro.m3u:img.karohat.com
public/cache/k5W1gNfZWQ0C_bigotvpro.m3u:img.tv4.incomet.io
public/cache/k5W1gNfZWQ0C_bigotvpro.m3u:img-cdn.b17g.net
public/cache/k5W1gNfZWQ0C_bigotvpro.m3u:img-opt.cdn.smartvod.com
public/cache/k5W1gNfZWQ0C_bigotvpro.m3u:iptvforall.files.wordpress.com
public/cache/k5W1gNfZWQ0C_bigotvpro.m3u:is3-ssl.mzstatic.com
public/cache/k5W1gNfZWQ0C_bigotvpro.m3u:i-viaplay-com.akamaized.net
public/cache/k5W1gNfZWQ0C_bigotvpro.m3u:jrsy.tmsimg.com
public/cache/k5W1gNfZWQ0C_bigotvpro.m3u:kinemania.tv
public/cache/k5W1gNfZWQ0C_bigotvpro.m3u:leschroniquesdecliffhanger.files.wordpress.com
public/cache/k5W1gNfZWQ0C_bigotvpro.m3u:lh3.googleusercontent.com
public/cache/k5W1gNfZWQ0C_bigotvpro.m3u:lh5.googleusercontent.com
public/cache/k5W1gNfZWQ0C_bigotvpro.m3u:livegoplus.xyz:8080
public/cache/k5W1gNfZWQ0C_bigotvpro.m3u:m.imdb.com
public/cache/k5W1gNfZWQ0C_bigotvpro.m3u:m.media-amazon.com
public/cache/k5W1gNfZWQ0C_bigotvpro.m3u:media.elcinema.com
public/cache/k5W1gNfZWQ0C_bigotvpro.m3u:media.filfan.com
public/cache/k5W1gNfZWQ0C_bigotvpro.m3u:media.kultura.bosilegrad.rs
public/cache/k5W1gNfZWQ0C_bigotvpro.m3u:media.webb-tv.nu
public/cache/k5W1gNfZWQ0C_bigotvpro.m3u:media0011.elcinema.com
public/cache/k5W1gNfZWQ0C_bigotvpro.m3u:menafn.com
public/cache/k5W1gNfZWQ0C_bigotvpro.m3u:meteenfinta.com
public/cache/k5W1gNfZWQ0C_bigotvpro.m3u:metromode.se
public/cache/k5W1gNfZWQ0C_bigotvpro.m3u:mo.ciner.com.tr
public/cache/k5W1gNfZWQ0C_bigotvpro.m3u:nabolandskanalene.no
public/cache/k5W1gNfZWQ0C_bigotvpro.m3u:new.static.tv.nu
public/cache/k5W1gNfZWQ0C_bigotvpro.m3u:news.alnokhitha.com
public/cache/k5W1gNfZWQ0C_bigotvpro.m3u:next-episode.net
public/cache/k5W1gNfZWQ0C_bigotvpro.m3u:omtv2.tv2.dk
public/cache/k5W1gNfZWQ0C_bigotvpro.m3u:onnetflix.ca
public/cache/k5W1gNfZWQ0C_bigotvpro.m3u:pbs.twimg.com
public/cache/k5W1gNfZWQ0C_bigotvpro.m3u:photo.elcinema.com.s3.amazonaws.com
public/cache/k5W1gNfZWQ0C_bigotvpro.m3u:pics.filmaffinity.com
public/cache/k5W1gNfZWQ0C_bigotvpro.m3u:pro-iptv.ddns.net:8080
public/cache/k5W1gNfZWQ0C_bigotvpro.m3u:rs.n1info.com
public/cache/k5W1gNfZWQ0C_bigotvpro.m3u:s.s-bol.com
public/cache/k5W1gNfZWQ0C_bigotvpro.m3u:s2.dmcdn.net
public/cache/k5W1gNfZWQ0C_bigotvpro.m3u:s3-eu-west-1.amazonaws.com
public/cache/k5W1gNfZWQ0C_bigotvpro.m3u:serienytt.no
public/cache/k5W1gNfZWQ0C_bigotvpro.m3u:shahidstatic2.akamaized.net
public/cache/k5W1gNfZWQ0C_bigotvpro.m3u:shahidstatic3.akamaized.net
public/cache/k5W1gNfZWQ0C_bigotvpro.m3u:shahidstatic4.akamaized.net
public/cache/k5W1gNfZWQ0C_bigotvpro.m3u:shahidstatic5.akamaized.net
public/cache/k5W1gNfZWQ0C_bigotvpro.m3u:spejderneslejr.dk
public/cache/k5W1gNfZWQ0C_bigotvpro.m3u:starzplay-img-prod-ssl.akamaized.net
public/cache/k5W1gNfZWQ0C_bigotvpro.m3u:static.episodate.com
public/cache/k5W1gNfZWQ0C_bigotvpro.m3u:static.klix.ba
public/cache/k5W1gNfZWQ0C_bigotvpro.m3u:static.tvmaze.com
public/cache/k5W1gNfZWQ0C_bigotvpro.m3u:static.tvno.nu
public/cache/k5W1gNfZWQ0C_bigotvpro.m3u:static.vesti.rs
public/cache/k5W1gNfZWQ0C_bigotvpro.m3u:static02.karar.com
public/cache/k5W1gNfZWQ0C_bigotvpro.m3u:static-1.ivoox.com
public/cache/k5W1gNfZWQ0C_bigotvpro.m3u:static1.ozap.com
public/cache/k5W1gNfZWQ0C_bigotvpro.m3u:stv.dk
public/cache/k5W1gNfZWQ0C_bigotvpro.m3u:superbits.org
public/cache/k5W1gNfZWQ0C_bigotvpro.m3u:svd.vgc.no
public/cache/k5W1gNfZWQ0C_bigotvpro.m3u:teveserier.se
public/cache/k5W1gNfZWQ0C_bigotvpro.m3u:upload.wikimedia.org
public/cache/k5W1gNfZWQ0C_bigotvpro.m3u:us-central1-cofactor-io.cloudfunctions.net
public/cache/k5W1gNfZWQ0C_bigotvpro.m3u:usercontent.one
public/cache/k5W1gNfZWQ0C_bigotvpro.m3u:watanflix.com
public/cache/k5W1gNfZWQ0C_bigotvpro.m3u:www.aftonkuriren.se
public/cache/k5W1gNfZWQ0C_bigotvpro.m3u:www.akilligundem.com
public/cache/k5W1gNfZWQ0C_bigotvpro.m3u:www.allatvkanaler.se
public/cache/k5W1gNfZWQ0C_bigotvpro.m3u:www.alrakia.com
public/cache/k5W1gNfZWQ0C_bigotvpro.m3u:www.avrotros.nl
public/cache/k5W1gNfZWQ0C_bigotvpro.m3u:www.blastfilms.co.uk
public/cache/k5W1gNfZWQ0C_bigotvpro.m3u:www.camdserver.com
public/cache/k5W1gNfZWQ0C_bigotvpro.m3u:www.discshop.se
public/cache/k5W1gNfZWQ0C_bigotvpro.m3u:www.diziizle.net
public/cache/k5W1gNfZWQ0C_bigotvpro.m3u:www.egypttoday.com
public/cache/k5W1gNfZWQ0C_bigotvpro.m3u:www.el-shai.com
public/cache/k5W1gNfZWQ0C_bigotvpro.m3u:www.fox.com.tr
public/cache/k5W1gNfZWQ0C_bigotvpro.m3u:www.fragman-tv.com
public/cache/k5W1gNfZWQ0C_bigotvpro.m3u:www.google.se
public/cache/k5W1gNfZWQ0C_bigotvpro.m3u:www.hallandsposten.se
public/cache/k5W1gNfZWQ0C_bigotvpro.m3u:www.kimnereli.net
public/cache/k5W1gNfZWQ0C_bigotvpro.m3u:www.knjizare-vulkan.rs
public/cache/k5W1gNfZWQ0C_bigotvpro.m3u:www.medyatava.com
public/cache/k5W1gNfZWQ0C_bigotvpro.m3u:www.svtstatic.se
public/cache/k5W1gNfZWQ0C_bigotvpro.m3u:www.themoviedb.org
public/cache/k5W1gNfZWQ0C_bigotvpro.m3u:www.travelpro.nl
public/cache/k5W1gNfZWQ0C_bigotvpro.m3u:www.tvmeter.nl
public/cache/k5W1gNfZWQ0C_bigotvpro.m3u:www.uitgeverijdefontein.nl
